bftpd_log@/usr/info/code/cpp/LogMonitor/LogMonitor/second/sample/bftpd/versions/bftpd-4.9/bftpdutmp.c:61:9
control_printf@/usr/info/code/cpp/LogMonitor/LogMonitor/second/sample/bftpd/versions/bftpd-4.9/bftpdutmp.c:62:9
bftpd_log@/usr/info/code/cpp/LogMonitor/LogMonitor/second/sample/bftpd/versions/bftpd-4.9/commands.c:106:12
control_printf@/usr/info/code/cpp/LogMonitor/LogMonitor/second/sample/bftpd/versions/bftpd-4.9/commands.c:147:13
control_printf@/usr/info/code/cpp/LogMonitor/LogMonitor/second/sample/bftpd/versions/bftpd-4.9/commands.c:160:17
control_printf@/usr/info/code/cpp/LogMonitor/LogMonitor/second/sample/bftpd/versions/bftpd-4.9/commands.c:167:4
control_printf@/usr/info/code/cpp/LogMonitor/LogMonitor/second/sample/bftpd/versions/bftpd-4.9/commands.c:173:17
control_printf@/usr/info/code/cpp/LogMonitor/LogMonitor/second/sample/bftpd/versions/bftpd-4.9/commands.c:179:4
bftpd_log@/usr/info/code/cpp/LogMonitor/LogMonitor/second/sample/bftpd/versions/bftpd-4.9/commands.c:244:3
control_printf@/usr/info/code/cpp/LogMonitor/LogMonitor/second/sample/bftpd/versions/bftpd-4.9/commands.c:245:3
control_printf@/usr/info/code/cpp/LogMonitor/LogMonitor/second/sample/bftpd/versions/bftpd-4.9/commands.c:274:9
control_printf@/usr/info/code/cpp/LogMonitor/LogMonitor/second/sample/bftpd/versions/bftpd-4.9/commands.c:286:7
control_printf@/usr/info/code/cpp/LogMonitor/LogMonitor/second/sample/bftpd/versions/bftpd-4.9/commands.c:310:9
control_printf@/usr/info/code/cpp/LogMonitor/LogMonitor/second/sample/bftpd/versions/bftpd-4.9/commands.c:316:9
control_printf@/usr/info/code/cpp/LogMonitor/LogMonitor/second/sample/bftpd/versions/bftpd-4.9/commands.c:320:9
control_printf@/usr/info/code/cpp/LogMonitor/LogMonitor/second/sample/bftpd/versions/bftpd-4.9/commands.c:325:9
control_printf@/usr/info/code/cpp/LogMonitor/LogMonitor/second/sample/bftpd/versions/bftpd-4.9/commands.c:356:13
control_printf@/usr/info/code/cpp/LogMonitor/LogMonitor/second/sample/bftpd/versions/bftpd-4.9/commands.c:377:13
control_printf@/usr/info/code/cpp/LogMonitor/LogMonitor/second/sample/bftpd/versions/bftpd-4.9/commands.c:384:3
control_printf@/usr/info/code/cpp/LogMonitor/LogMonitor/second/sample/bftpd/versions/bftpd-4.9/commands.c:419:17
control_printf@/usr/info/code/cpp/LogMonitor/LogMonitor/second/sample/bftpd/versions/bftpd-4.9/commands.c:423:21
control_printf@/usr/info/code/cpp/LogMonitor/LogMonitor/second/sample/bftpd/versions/bftpd-4.9/commands.c:434:3
control_printf@/usr/info/code/cpp/LogMonitor/LogMonitor/second/sample/bftpd/versions/bftpd-4.9/commands.c:439:3
control_printf@/usr/info/code/cpp/LogMonitor/LogMonitor/second/sample/bftpd/versions/bftpd-4.9/commands.c:468:9
control_printf@/usr/info/code/cpp/LogMonitor/LogMonitor/second/sample/bftpd/versions/bftpd-4.9/commands.c:471:6
bftpd_log@/usr/info/code/cpp/LogMonitor/LogMonitor/second/sample/bftpd/versions/bftpd-4.9/commands.c:472:3
bftpd_log@/usr/info/code/cpp/LogMonitor/LogMonitor/second/sample/bftpd/versions/bftpd-4.9/commands.c:530:11
bftpd_log@/usr/info/code/cpp/LogMonitor/LogMonitor/second/sample/bftpd/versions/bftpd-4.9/commands.c:581:12
bftpd_log@/usr/info/code/cpp/LogMonitor/LogMonitor/second/sample/bftpd/versions/bftpd-4.9/commands.c:595:15
control_printf@/usr/info/code/cpp/LogMonitor/LogMonitor/second/sample/bftpd/versions/bftpd-4.9/commands.c:596:15
bftpd_log@/usr/info/code/cpp/LogMonitor/LogMonitor/second/sample/bftpd/versions/bftpd-4.9/commands.c:614:3
control_printf@/usr/info/code/cpp/LogMonitor/LogMonitor/second/sample/bftpd/versions/bftpd-4.9/commands.c:616:3
bftpd_log@/usr/info/code/cpp/LogMonitor/LogMonitor/second/sample/bftpd/versions/bftpd-4.9/commands.c:678:8
control_printf@/usr/info/code/cpp/LogMonitor/LogMonitor/second/sample/bftpd/versions/bftpd-4.9/commands.c:679:8
control_printf@/usr/info/code/cpp/LogMonitor/LogMonitor/second/sample/bftpd/versions/bftpd-4.9/commands.c:705:13
bftpd_log@/usr/info/code/cpp/LogMonitor/LogMonitor/second/sample/bftpd/versions/bftpd-4.9/commands.c:706:13
control_printf@/usr/info/code/cpp/LogMonitor/LogMonitor/second/sample/bftpd/versions/bftpd-4.9/commands.c:788:2
bftpd_log@/usr/info/code/cpp/LogMonitor/LogMonitor/second/sample/bftpd/versions/bftpd-4.9/commands.c:789:2
bftpd_log@/usr/info/code/cpp/LogMonitor/LogMonitor/second/sample/bftpd/versions/bftpd-4.9/commands.c:856:4
bftpd_log@/usr/info/code/cpp/LogMonitor/LogMonitor/second/sample/bftpd/versions/bftpd-4.9/commands.c:898:12
bftpd_log@/usr/info/code/cpp/LogMonitor/LogMonitor/second/sample/bftpd/versions/bftpd-4.9/commands.c:905:12
control_printf@/usr/info/code/cpp/LogMonitor/LogMonitor/second/sample/bftpd/versions/bftpd-4.9/commands.c:906:12
bftpd_log@/usr/info/code/cpp/LogMonitor/LogMonitor/second/sample/bftpd/versions/bftpd-4.9/commands.c:937:4
control_printf@/usr/info/code/cpp/LogMonitor/LogMonitor/second/sample/bftpd/versions/bftpd-4.9/commands.c:939:4
control_printf@/usr/info/code/cpp/LogMonitor/LogMonitor/second/sample/bftpd/versions/bftpd-4.9/commands.c:964:3
bftpd_log@/usr/info/code/cpp/LogMonitor/LogMonitor/second/sample/bftpd/versions/bftpd-4.9/commands.c:972:3
control_printf@/usr/info/code/cpp/LogMonitor/LogMonitor/second/sample/bftpd/versions/bftpd-4.9/commands.c:974:3
control_printf@/usr/info/code/cpp/LogMonitor/LogMonitor/second/sample/bftpd/versions/bftpd-4.9/commands.c:1223:29
bftpd_log@/usr/info/code/cpp/LogMonitor/LogMonitor/second/sample/bftpd/versions/bftpd-4.9/commands.c:1224:29
control_printf@/usr/info/code/cpp/LogMonitor/LogMonitor/second/sample/bftpd/versions/bftpd-4.9/commands.c:1255:36
control_printf@/usr/info/code/cpp/LogMonitor/LogMonitor/second/sample/bftpd/versions/bftpd-4.9/commands.c:1256:36
bftpd_log@/usr/info/code/cpp/LogMonitor/LogMonitor/second/sample/bftpd/versions/bftpd-4.9/commands.c:1257:36
control_printf@/usr/info/code/cpp/LogMonitor/LogMonitor/second/sample/bftpd/versions/bftpd-4.9/commands.c:1285:2
bftpd_log@/usr/info/code/cpp/LogMonitor/LogMonitor/second/sample/bftpd/versions/bftpd-4.9/commands.c:1286:2
control_printf@/usr/info/code/cpp/LogMonitor/LogMonitor/second/sample/bftpd/versions/bftpd-4.9/commands.c:1342:2
control_printf@/usr/info/code/cpp/LogMonitor/LogMonitor/second/sample/bftpd/versions/bftpd-4.9/commands.c:1357:3
bftpd_log@/usr/info/code/cpp/LogMonitor/LogMonitor/second/sample/bftpd/versions/bftpd-4.9/commands.c:1366:3
control_printf@/usr/info/code/cpp/LogMonitor/LogMonitor/second/sample/bftpd/versions/bftpd-4.9/commands.c:1368:3
control_printf@/usr/info/code/cpp/LogMonitor/LogMonitor/second/sample/bftpd/versions/bftpd-4.9/commands.c:1388:14
control_printf@/usr/info/code/cpp/LogMonitor/LogMonitor/second/sample/bftpd/versions/bftpd-4.9/commands.c:1400:3
bftpd_log@/usr/info/code/cpp/LogMonitor/LogMonitor/second/sample/bftpd/versions/bftpd-4.9/commands.c:1408:23
bftpd_log@/usr/info/code/cpp/LogMonitor/LogMonitor/second/sample/bftpd/versions/bftpd-4.9/commands.c:1415:25
control_printf@/usr/info/code/cpp/LogMonitor/LogMonitor/second/sample/bftpd/versions/bftpd-4.9/commands.c:1416:25
control_printf@/usr/info/code/cpp/LogMonitor/LogMonitor/second/sample/bftpd/versions/bftpd-4.9/commands.c:1437:12
bftpd_log@/usr/info/code/cpp/LogMonitor/LogMonitor/second/sample/bftpd/versions/bftpd-4.9/commands.c:1444:3
control_printf@/usr/info/code/cpp/LogMonitor/LogMonitor/second/sample/bftpd/versions/bftpd-4.9/commands.c:1446:3
control_printf@/usr/info/code/cpp/LogMonitor/LogMonitor/second/sample/bftpd/versions/bftpd-4.9/commands.c:1463:12
bftpd_log@/usr/info/code/cpp/LogMonitor/LogMonitor/second/sample/bftpd/versions/bftpd-4.9/commands.c:1477:20
control_printf@/usr/info/code/cpp/LogMonitor/LogMonitor/second/sample/bftpd/versions/bftpd-4.9/commands.c:1478:20
bftpd_log@/usr/info/code/cpp/LogMonitor/LogMonitor/second/sample/bftpd/versions/bftpd-4.9/commands.c:1482:20
control_printf@/usr/info/code/cpp/LogMonitor/LogMonitor/second/sample/bftpd/versions/bftpd-4.9/commands.c:1483:19
control_printf@/usr/info/code/cpp/LogMonitor/LogMonitor/second/sample/bftpd/versions/bftpd-4.9/commands.c:1507:12
control_printf@/usr/info/code/cpp/LogMonitor/LogMonitor/second/sample/bftpd/versions/bftpd-4.9/commands.c:1517:3
control_printf@/usr/info/code/cpp/LogMonitor/LogMonitor/second/sample/bftpd/versions/bftpd-4.9/commands.c:1520:3
control_printf@/usr/info/code/cpp/LogMonitor/LogMonitor/second/sample/bftpd/versions/bftpd-4.9/commands.c:1530:12
bftpd_log@/usr/info/code/cpp/LogMonitor/LogMonitor/second/sample/bftpd/versions/bftpd-4.9/commands.c:1538:3
control_printf@/usr/info/code/cpp/LogMonitor/LogMonitor/second/sample/bftpd/versions/bftpd-4.9/commands.c:1541:3
control_printf@/usr/info/code/cpp/LogMonitor/LogMonitor/second/sample/bftpd/versions/bftpd-4.9/commands.c:1569:12
control_printf@/usr/info/code/cpp/LogMonitor/LogMonitor/second/sample/bftpd/versions/bftpd-4.9/commands.c:1576:3
control_printf@/usr/info/code/cpp/LogMonitor/LogMonitor/second/sample/bftpd/versions/bftpd-4.9/commands.c:1583:2
control_printf@/usr/info/code/cpp/LogMonitor/LogMonitor/second/sample/bftpd/versions/bftpd-4.9/commands.c:1595:12
control_printf@/usr/info/code/cpp/LogMonitor/LogMonitor/second/sample/bftpd/versions/bftpd-4.9/commands.c:1614:3
control_printf@/usr/info/code/cpp/LogMonitor/LogMonitor/second/sample/bftpd/versions/bftpd-4.9/commands.c:1620:13
control_printf@/usr/info/code/cpp/LogMonitor/LogMonitor/second/sample/bftpd/versions/bftpd-4.9/commands.c:1633:3
bftpd_log@/usr/info/code/cpp/LogMonitor/LogMonitor/second/sample/bftpd/versions/bftpd-4.9/commands.c:1635:3
control_printf@/usr/info/code/cpp/LogMonitor/LogMonitor/second/sample/bftpd/versions/bftpd-4.9/commands.c:1663:4
control_printf@/usr/info/code/cpp/LogMonitor/LogMonitor/second/sample/bftpd/versions/bftpd-4.9/commands.c:1668:4
control_printf@/usr/info/code/cpp/LogMonitor/LogMonitor/second/sample/bftpd/versions/bftpd-4.9/commands.c:1676:3
control_printf@/usr/info/code/cpp/LogMonitor/LogMonitor/second/sample/bftpd/versions/bftpd-4.9/commands.c:1705:8
control_printf@/usr/info/code/cpp/LogMonitor/LogMonitor/second/sample/bftpd/versions/bftpd-4.9/commands.c:1713:9
control_printf@/usr/info/code/cpp/LogMonitor/LogMonitor/second/sample/bftpd/versions/bftpd-4.9/commands.c:1743:3
control_printf@/usr/info/code/cpp/LogMonitor/LogMonitor/second/sample/bftpd/versions/bftpd-4.9/commands.c:1763:2
control_printf@/usr/info/code/cpp/LogMonitor/LogMonitor/second/sample/bftpd/versions/bftpd-4.9/commands.c:1768:5
control_printf@/usr/info/code/cpp/LogMonitor/LogMonitor/second/sample/bftpd/versions/bftpd-4.9/commands.c:1834:8
control_printf@/usr/info/code/cpp/LogMonitor/LogMonitor/second/sample/bftpd/versions/bftpd-4.9/commands.c:1868:17
control_printf@/usr/info/code/cpp/LogMonitor/LogMonitor/second/sample/bftpd/versions/bftpd-4.9/commands.c:1898:2
bftpd_log@/usr/info/code/cpp/LogMonitor/LogMonitor/second/sample/bftpd/versions/bftpd-4.9/commands.c:1953:7
control_printf@/usr/info/code/cpp/LogMonitor/LogMonitor/second/sample/bftpd/versions/bftpd-4.9/commands_admin.c:28:5
bftpd_log@/usr/info/code/cpp/LogMonitor/LogMonitor/second/sample/bftpd/versions/bftpd-4.9/commands_admin.c:29:5
control_printf@/usr/info/code/cpp/LogMonitor/LogMonitor/second/sample/bftpd/versions/bftpd-4.9/commands_admin.c:52:5
bftpd_log@/usr/info/code/cpp/LogMonitor/LogMonitor/second/sample/bftpd/versions/bftpd-4.9/commands_admin.c:53:5
control_printf@/usr/info/code/cpp/LogMonitor/LogMonitor/second/sample/bftpd/versions/bftpd-4.9/commands_admin.c:62:5
control_printf@/usr/info/code/cpp/LogMonitor/LogMonitor/second/sample/bftpd/versions/bftpd-4.9/commands_admin.c:70:5
control_printf@/usr/info/code/cpp/LogMonitor/LogMonitor/second/sample/bftpd/versions/bftpd-4.9/commands_admin.c:87:5
control_printf@/usr/info/code/cpp/LogMonitor/LogMonitor/second/sample/bftpd/versions/bftpd-4.9/commands_admin.c:93:5
fprintf@/usr/info/code/cpp/LogMonitor/LogMonitor/second/sample/bftpd/versions/bftpd-4.9/commands_admin.c:108:5
control_printf@/usr/info/code/cpp/LogMonitor/LogMonitor/second/sample/bftpd/versions/bftpd-4.9/commands_admin.c:122:9
control_printf@/usr/info/code/cpp/LogMonitor/LogMonitor/second/sample/bftpd/versions/bftpd-4.9/commands_admin.c:125:13
control_printf@/usr/info/code/cpp/LogMonitor/LogMonitor/second/sample/bftpd/versions/bftpd-4.9/commands_admin.c:129:9
control_printf@/usr/info/code/cpp/LogMonitor/LogMonitor/second/sample/bftpd/versions/bftpd-4.9/commands_admin.c:174:2
fprintf@/usr/info/code/cpp/LogMonitor/LogMonitor/second/sample/bftpd/versions/bftpd-4.9/dirlist.c:111:9
fprintf@/usr/info/code/cpp/LogMonitor/LogMonitor/second/sample/bftpd/versions/bftpd-4.9/dirlist.c:228:13
fprintf@/usr/info/code/cpp/LogMonitor/LogMonitor/second/sample/bftpd/versions/bftpd-4.9/dirlist.c:317:21
bftpd_log@/usr/info/code/cpp/LogMonitor/LogMonitor/second/sample/bftpd/versions/bftpd-4.9/login.c:119:4
control_printf@/usr/info/code/cpp/LogMonitor/LogMonitor/second/sample/bftpd/versions/bftpd-4.9/login.c:185:13
control_printf@/usr/info/code/cpp/LogMonitor/LogMonitor/second/sample/bftpd/versions/bftpd-4.9/login.c:250:17
control_printf@/usr/info/code/cpp/LogMonitor/LogMonitor/second/sample/bftpd/versions/bftpd-4.9/login.c:266:19
control_printf@/usr/info/code/cpp/LogMonitor/LogMonitor/second/sample/bftpd/versions/bftpd-4.9/login.c:276:5
control_printf@/usr/info/code/cpp/LogMonitor/LogMonitor/second/sample/bftpd/versions/bftpd-4.9/login.c:278:5
bftpd_log@/usr/info/code/cpp/LogMonitor/LogMonitor/second/sample/bftpd/versions/bftpd-4.9/login.c:279:4
bftpd_log@/usr/info/code/cpp/LogMonitor/LogMonitor/second/sample/bftpd/versions/bftpd-4.9/login.c:288:12
bftpd_log@/usr/info/code/cpp/LogMonitor/LogMonitor/second/sample/bftpd/versions/bftpd-4.9/login.c:293:17
bftpd_log@/usr/info/code/cpp/LogMonitor/LogMonitor/second/sample/bftpd/versions/bftpd-4.9/login.c:301:12
bftpd_log@/usr/info/code/cpp/LogMonitor/LogMonitor/second/sample/bftpd/versions/bftpd-4.9/login.c:306:17
bftpd_log@/usr/info/code/cpp/LogMonitor/LogMonitor/second/sample/bftpd/versions/bftpd-4.9/login.c:318:13
control_printf@/usr/info/code/cpp/LogMonitor/LogMonitor/second/sample/bftpd/versions/bftpd-4.9/login.c:324:13
bftpd_log@/usr/info/code/cpp/LogMonitor/LogMonitor/second/sample/bftpd/versions/bftpd-4.9/login.c:325:13
control_printf@/usr/info/code/cpp/LogMonitor/LogMonitor/second/sample/bftpd/versions/bftpd-4.9/login.c:334:3
control_printf@/usr/info/code/cpp/LogMonitor/LogMonitor/second/sample/bftpd/versions/bftpd-4.9/login.c:367:21
control_printf@/usr/info/code/cpp/LogMonitor/LogMonitor/second/sample/bftpd/versions/bftpd-4.9/login.c:371:21
control_printf@/usr/info/code/cpp/LogMonitor/LogMonitor/second/sample/bftpd/versions/bftpd-4.9/login.c:379:4
control_printf@/usr/info/code/cpp/LogMonitor/LogMonitor/second/sample/bftpd/versions/bftpd-4.9/login.c:384:4
control_printf@/usr/info/code/cpp/LogMonitor/LogMonitor/second/sample/bftpd/versions/bftpd-4.9/login.c:388:4
control_printf@/usr/info/code/cpp/LogMonitor/LogMonitor/second/sample/bftpd/versions/bftpd-4.9/login.c:394:4
control_printf@/usr/info/code/cpp/LogMonitor/LogMonitor/second/sample/bftpd/versions/bftpd-4.9/login.c:398:4
control_printf@/usr/info/code/cpp/LogMonitor/LogMonitor/second/sample/bftpd/versions/bftpd-4.9/login.c:401:29
control_printf@/usr/info/code/cpp/LogMonitor/LogMonitor/second/sample/bftpd/versions/bftpd-4.9/login.c:422:18
control_printf@/usr/info/code/cpp/LogMonitor/LogMonitor/second/sample/bftpd/versions/bftpd-4.9/login.c:427:18
control_printf@/usr/info/code/cpp/LogMonitor/LogMonitor/second/sample/bftpd/versions/bftpd-4.9/login.c:447:21
control_printf@/usr/info/code/cpp/LogMonitor/LogMonitor/second/sample/bftpd/versions/bftpd-4.9/login.c:452:21
bftpd_log@/usr/info/code/cpp/LogMonitor/LogMonitor/second/sample/bftpd/versions/bftpd-4.9/login.c:472:2
bftpd_log@/usr/info/code/cpp/LogMonitor/LogMonitor/second/sample/bftpd/versions/bftpd-4.9/login.c:475:17
control_printf@/usr/info/code/cpp/LogMonitor/LogMonitor/second/sample/bftpd/versions/bftpd-4.9/logging.c:41:7
control_printf@/usr/info/code/cpp/LogMonitor/LogMonitor/second/sample/bftpd/versions/bftpd-4.9/logging.c:47:9
control_printf@/usr/info/code/cpp/LogMonitor/LogMonitor/second/sample/bftpd/versions/bftpd-4.9/logging.c:55:9
bftpd_log@/usr/info/code/cpp/LogMonitor/LogMonitor/second/sample/bftpd/versions/bftpd-4.9/main.c:102:2
bftpd_statuslog@/usr/info/code/cpp/LogMonitor/LogMonitor/second/sample/bftpd/versions/bftpd-4.9/main.c:103:5
bftpd_log@/usr/info/code/cpp/LogMonitor/LogMonitor/second/sample/bftpd/versions/bftpd-4.9/main.c:173:9
control_printf@/usr/info/code/cpp/LogMonitor/LogMonitor/second/sample/bftpd/versions/bftpd-4.9/main.c:174:9
bftpd_log@/usr/info/code/cpp/LogMonitor/LogMonitor/second/sample/bftpd/versions/bftpd-4.9/main.c:177:9
control_printf@/usr/info/code/cpp/LogMonitor/LogMonitor/second/sample/bftpd/versions/bftpd-4.9/main.c:178:9
printf@/usr/info/code/cpp/LogMonitor/LogMonitor/second/sample/bftpd/versions/bftpd-4.9/main.c:215:5
fprintf@/usr/info/code/cpp/LogMonitor/LogMonitor/second/sample/bftpd/versions/bftpd-4.9/main.c:246:21
fprintf@/usr/info/code/cpp/LogMonitor/LogMonitor/second/sample/bftpd/versions/bftpd-4.9/main.c:268:4
fprintf@/usr/info/code/cpp/LogMonitor/LogMonitor/second/sample/bftpd/versions/bftpd-4.9/main.c:272:4
fprintf@/usr/info/code/cpp/LogMonitor/LogMonitor/second/sample/bftpd/versions/bftpd-4.9/main.c:316:13
control_printf@/usr/info/code/cpp/LogMonitor/LogMonitor/second/sample/bftpd/versions/bftpd-4.9/main.c:380:3
bftpd_log@/usr/info/code/cpp/LogMonitor/LogMonitor/second/sample/bftpd/versions/bftpd-4.9/main.c:417:2
control_printf@/usr/info/code/cpp/LogMonitor/LogMonitor/second/sample/bftpd/versions/bftpd-4.9/options.c:193:3
control_printf@/usr/info/code/cpp/LogMonitor/LogMonitor/second/sample/bftpd/versions/bftpd-4.9/options.c:220:21
control_printf@/usr/info/code/cpp/LogMonitor/LogMonitor/second/sample/bftpd/versions/bftpd-4.9/options.c:228:20
control_printf@/usr/info/code/cpp/LogMonitor/LogMonitor/second/sample/bftpd/versions/bftpd-4.9/options.c:242:21
